Arguments: 
  /Users/bjhl/.nvm/versions/node/v12.19.1/bin/node /usr/local/Cellar/yarn/1.22.10/libexec/bin/yarn.js add @types/htmlWebpackPluginBeforeHtmlProcessing -D

PATH: 
  /Users/bjhl/.nvm/versions/node/v12.19.1/bin:/Users/bjhl/.nvm/versions/node/v12.19.1/bin:/usr/local/bin:/usr/bin:/bin:/usr/sbin:/sbin:/Users/bjhl/.nvm/versions/node/v12.19.1/bin:/Applications/Visual Studio Code.app/Contents/Resources/app/bin:/Applications/Visual Studio Code.app/Contents/Resources/app/bin:/Applications/Visual Studio Code.app/Contents/Resources/app/bin

Yarn version: 
  1.22.10

Node version: 
  12.19.1

Platform: 
  darwin x64

Trace: 
  Error: https://registry.yarnpkg.com/@types%2fhtmlWebpackPluginBeforeHtmlProcessing: Not found
      at Request.params.callback [as _callback] (/usr/local/Cellar/yarn/1.22.10/libexec/lib/cli.js:66988:18)
      at Request.self.callback (/usr/local/Cellar/yarn/1.22.10/libexec/lib/cli.js:140749:22)
      at Request.emit (events.js:314:20)
      at Request.<anonymous> (/usr/local/Cellar/yarn/1.22.10/libexec/lib/cli.js:141721:10)
      at Request.emit (events.js:314:20)
      at IncomingMessage.<anonymous> (/usr/local/Cellar/yarn/1.22.10/libexec/lib/cli.js:141643:12)
      at Object.onceWrapper (events.js:420:28)
      at IncomingMessage.emit (events.js:326:22)
      at endReadableNT (_stream_readable.js:1223:12)
      at processTicksAndRejections (internal/process/task_queues.js:84:21)

npm manifest: 
  {
    "name": "@umeng/insert-data-2-html-plugin",
    "version": "1.0.0",
    "description": "insert data 2 html by script",
    "main": "./dist/index.js",
    "scripts": {
      "build": "tsc"
    },
    "keywords": [
      "webpack",
      "plugin",
      "oss"
    ],
    "engines": {
      "node": "> 10.0.0"
    },
    "author": "liluyao@baijiahulian.com",
    "license": "MIT",
    "dependencies": {
      "node-fetch": "^2.6.1"
    },
    "devDependencies": {
      "@types/node": "^14.14.16",
      "@types/webpack": "^4.41.25",
      "typescript": "^4.1.3"
    }
  }

yarn manifest: 
  No manifest

Lockfile: 
  # THIS IS AN AUTOGENERATED FILE. DO NOT EDIT THIS FILE DIRECTLY.
  # yarn lockfile v1
  
  
  "@types/anymatch@*":
    version "1.3.1"
    resolved "https://registry.yarnpkg.com/@types/anymatch/-/anymatch-1.3.1.tgz#336badc1beecb9dacc38bea2cf32adf627a8421a"
    integrity sha512-/+CRPXpBDpo2RK9C68N3b2cOvO0Cf5B9aPijHsoDQTHivnGSObdOF2BRQOYjojWTDy6nQvMjmqRXIxH55VjxxA==
  
  "@types/node@*", "@types/node@^14.14.16":
    version "14.14.16"
    resolved "https://registry.yarnpkg.com/@types/node/-/node-14.14.16.tgz#3cc351f8d48101deadfed4c9e4f116048d437b4b"
    integrity sha512-naXYePhweTi+BMv11TgioE2/FXU4fSl29HAH1ffxVciNsH3rYXjNP2yM8wqmSm7jS20gM8TIklKiTen+1iVncw==
  
  "@types/source-list-map@*":
    version "0.1.2"
    resolved "https://registry.yarnpkg.com/@types/source-list-map/-/source-list-map-0.1.2.tgz#0078836063ffaf17412349bba364087e0ac02ec9"
    integrity sha512-K5K+yml8LTo9bWJI/rECfIPrGgxdpeNbj+d53lwN4QjW1MCwlkhUms+gtdzigTeUyBr09+u8BwOIY3MXvHdcsA==
  
  "@types/tapable@*":
    version "1.0.6"
    resolved "https://registry.yarnpkg.com/@types/tapable/-/tapable-1.0.6.tgz#a9ca4b70a18b270ccb2bc0aaafefd1d486b7ea74"
    integrity sha512-W+bw9ds02rAQaMvaLYxAbJ6cvguW/iJXNT6lTssS1ps6QdrMKttqEAMEG/b5CR8TZl3/L7/lH0ZV5nNR1LXikA==
  
  "@types/uglify-js@*":
    version "3.11.1"
    resolved "https://registry.yarnpkg.com/@types/uglify-js/-/uglify-js-3.11.1.tgz#97ff30e61a0aa6876c270b5f538737e2d6ab8ceb"
    integrity sha512-7npvPKV+jINLu1SpSYVWG8KvyJBhBa8tmzMMdDoVc2pWUYHN8KIXlPJhjJ4LT97c4dXJA2SHL/q6ADbDriZN+Q==
    dependencies:
      source-map "^0.6.1"
  
  "@types/webpack-sources@*":
    version "2.1.0"
    resolved "https://registry.yarnpkg.com/@types/webpack-sources/-/webpack-sources-2.1.0.tgz#8882b0bd62d1e0ce62f183d0d01b72e6e82e8c10"
    integrity sha512-LXn/oYIpBeucgP1EIJbKQ2/4ZmpvRl+dlrFdX7+94SKRUV3Evy3FsfMZY318vGhkWUS5MPhtOM3w1/hCOAOXcg==
    dependencies:
      "@types/node" "*"
      "@types/source-list-map" "*"
      source-map "^0.7.3"
  
  "@types/webpack@^4.41.25":
    version "4.41.25"
    resolved "https://registry.yarnpkg.com/@types/webpack/-/webpack-4.41.25.tgz#4d3b5aecc4e44117b376280fbfd2dc36697968c4"
    integrity sha512-cr6kZ+4m9lp86ytQc1jPOJXgINQyz3kLLunZ57jznW+WIAL0JqZbGubQk4GlD42MuQL5JGOABrxdpqqWeovlVQ==
    dependencies:
      "@types/anymatch" "*"
      "@types/node" "*"
      "@types/tapable" "*"
      "@types/uglify-js" "*"
      "@types/webpack-sources" "*"
      source-map "^0.6.0"
  
  node-fetch@^2.6.1:
    version "2.6.1"
    resolved "http://npm.baijiahulian.com/node-fetch/-/node-fetch-2.6.1.tgz#045bd323631f76ed2e2b55573394416b639a0052"
    integrity sha1-BFvTI2Mfdu0uK1VXM5RBa2OaAFI=
  
  source-map@^0.6.0, source-map@^0.6.1:
    version "0.6.1"
    resolved "https://registry.yarnpkg.com/source-map/-/source-map-0.6.1.tgz#74722af32e9614e9c287a8d0bbde48b5e2f1a263"
    integrity sha512-UjgapumWlbMhkBgzT7Ykc5YXUT46F0iKu8SGXq0bcwP5dz/h0Plj6enJqjz1Zbq2l5WaqYnrVbwWOWMyF3F47g==
  
  source-map@^0.7.3:
    version "0.7.3"
    resolved "https://registry.yarnpkg.com/source-map/-/source-map-0.7.3.tgz#5302f8169031735226544092e64981f751750383"
    integrity sha512-CkCj6giN3S+n9qrYiBTX5gystlENnRW5jZeNLHpe6aue+SrHcG5VYwujhW9s4dY31mEGsxBDrHR6oI69fTXsaQ==
  
  typescript@^4.1.3:
    version "4.1.3"
    resolved "https://registry.yarnpkg.com/typescript/-/typescript-4.1.3.tgz#519d582bd94cba0cf8934c7d8e8467e473f53bb7"
    integrity sha512-B3ZIOf1IKeH2ixgHhj6la6xdwR9QrLC5d1VKeCSY4tvkqhF2eqd9O7txNlS0PO3GrBAFIdr3L1ndNwteUbZLYg==
